>>>>>>>>>>>>> Start of the reconsiliation process

2025-04-07T18:26:23+02:00	DEBUG	provider-jfrog-artifactory	Reconciling	{"controller": "managed/artifactory.jfrog.crossplane.io/v1alpha1, kind=itemproperties", "request": {"name":"my-repo-properties"}}
{
  "controller": "managed/artifactory.jfrog.crossplane.io/v1alpha1, kind=itemproperties",
  "request": {
    "name": "my-repo-properties"
  }
}

>>>>>>>>>>>>>> Terraform state refresh

2025-04-07T18:26:23+02:00	DEBUG	provider-jfrog-artifactory	Running terraform	{"workspace": "/var/folders/sj/hzvqvb413qgd6mx110wmbr6m0000gn/T/8b83d38c-7805-466b-832b-3dbcb774ebac", "args": ["apply", "-refresh-only", "-auto-approve", "-input=false", "-lock=false", "-json"]}
{
  "workspace": "/var/folders/sj/hzvqvb413qgd6mx110wmbr6m0000gn/T/8b83d38c-7805-466b-832b-3dbcb774ebac",
  "args": [
    "apply",
    "-refresh-only",
    "-auto-approve",
    "-input=false",
    "-lock=false",
    "-json"
  ]
}
2025-04-07T18:26:24+02:00	DEBUG	provider-jfrog-artifactory	refresh ended	{"workspace": "/var/folders/sj/hzvqvb413qgd6mx110wmbr6m0000gn/T/8b83d38c-7805-466b-832b-3dbcb774ebac", "out": "{\"@level\":\"info\",\"@message\":\"Terraform 1.5.7\",\"@module\":\"terraform.ui\",\"@timestamp\":\"2025-04-07T18:26:23.595454+02:00\",\"terraform\":\"1.5.7\",\"type\":\"version\",\"ui\":\"1.1\"}\n{\"@level\":\"info\",\"@message\":\"artifactory_item_properties.my-repo-properties: Refreshing state...\",\"@module\":\"terraform.ui\",\"@timestamp\":\"2025-04-07T18:26:24.813860+02:00\",\"hook\":{\"resource\":{\"addr\":\"artifactory_item_properties.my-repo-properties\",\"module\":\"\",\"resource\":\"artifactory_item_properties.my-repo-properties\",\"implied_provider\":\"artifactory\",\"resource_type\":\"artifactory_item_properties\",\"resource_name\":\"my-repo-properties\",\"resource_key\":null}},\"type\":\"refresh_start\"}\n{\"@level\":\"info\",\"@message\":\"artifactory_item_properties.my-repo-properties: Refresh complete\",\"@module\":\"terraform.ui\",\"@timestamp\":\"2025-04-07T18:26:24.943504+02:00\",\"hook\":{\"resource\":{\"addr\":\"artifactory_item_properties.my-repo-properties\",\"module\":\"\",\"resource\":\"artifactory_item_properties.my-repo-properties\",\"implied_provider\":\"artifactory\",\"resource_type\":\"artifactory_item_properties\",\"resource_name\":\"my-repo-properties\",\"resource_key\":null}},\"type\":\"refresh_complete\"}\n{\"@level\":\"info\",\"@message\":\"artifactory_item_properties.my-repo-properties: Drift detected (update)\",\"@module\":\"terraform.ui\",\"@timestamp\":\"2025-04-07T18:26:24.945923+02:00\",\"change\":{\"resource\":{\"addr\":\"artifactory_item_properties.my-repo-properties\",\"module\":\"\",\"resource\":\"artifactory_item_properties.my-repo-properties\",\"implied_provider\":\"artifactory\",\"resource_type\":\"artifactory_item_properties\",\"resource_name\":\"my-repo-properties\",\"resource_key\":null},\"action\":\"update\"},\"type\":\"resource_drift\"}\n{\"@level\":\"info\",\"@message\":\"Plan: 0 to add, 0 to change, 0 to destroy.\",\"@module\":\"terraform.ui\",\"@timestamp\":\"2025-04-07T18:26:24.945978+02:00\",\"changes\":{\"add\":0,\"change\":0,\"import\":0,\"remove\":0,\"operation\":\"plan\"},\"type\":\"change_summary\"}\n{\"@level\":\"info\",\"@message\":\"Apply complete! Resources: 0 added, 0 changed, 0 destroyed.\",\"@module\":\"terraform.ui\",\"@timestamp\":\"2025-04-07T18:26:24.963122+02:00\",\"changes\":{\"add\":0,\"change\":0,\"import\":0,\"remove\":0,\"operation\":\"apply\"},\"type\":\"change_summary\"}\n{\"@level\":\"info\",\"@message\":\"Outputs: 0\",\"@module\":\"terraform.ui\",\"@timestamp\":\"2025-04-07T18:26:24.963146+02:00\",\"outputs\":{},\"type\":\"outputs\"}\n"}
{
  "workspace": "/var/folders/sj/hzvqvb413qgd6mx110wmbr6m0000gn/T/8b83d38c-7805-466b-832b-3dbcb774ebac",
  "out":
    {
      "@level": "info",
      "@message": "Terraform 1.5.7",
      "@module": "terraform.ui",
      "@timestamp": "2025-04-07T18:26:23.595454+02:00",
      "terraform": "1.5.7",
      "type": "version",
      "ui": "1.1"
    }
    {
      "@level": "info",
      "@message": "artifactory_item_properties.my-repo-properties: Refreshing state...",
      "@module": "terraform.ui",
      "@timestamp": "2025-04-07T18:26:24.813860+02:00",
      "hook": {
        "resource": {
          "addr": "artifactory_item_properties.my-repo-properties",
          "module": "",
          "resource": "artifactory_item_properties.my-repo-properties",
          "implied_provider": "artifactory",
          "resource_type": "artifactory_item_properties",
          "resource_name": "my-repo-properties",
          "resource_key": null
        }
      },
      "type": "refresh_start"
    }
    {
      "@level": "info",
      "@message": "artifactory_item_properties.my-repo-properties: Refresh complete",
      "@module": "terraform.ui",
      "@timestamp": "2025-04-07T18:26:24.943504+02:00",
      "hook": {
        "resource": {
          "addr": "artifactory_item_properties.my-repo-properties",
          "module": "",
          "resource": "artifactory_item_properties.my-repo-properties",
          "implied_provider": "artifactory",
          "resource_type": "artifactory_item_properties",
          "resource_name": "my-repo-properties",
          "resource_key": null
        }
      },
      "type": "refresh_complete"
    }
    {
      "@level": "info",
      "@message": "artifactory_item_properties.my-repo-properties: Drift detected (update)",
      "@module": "terraform.ui",
      "@timestamp": "2025-04-07T18:26:24.945923+02:00",
      "change": {
        "resource": {
          "addr": "artifactory_item_properties.my-repo-properties",
          "module": "",
          "resource": "artifactory_item_properties.my-repo-properties",
          "implied_provider": "artifactory",
          "resource_type": "artifactory_item_properties",
          "resource_name": "my-repo-properties",
          "resource_key": null
        },
        "action": "update"
      },
      "type": "resource_drift"
    }
    {
      "@level": "info",
      "@message": "Plan: 0 to add, 0 to change, 0 to destroy.",
      "@module": "terraform.ui",
      "@timestamp": "2025-04-07T18:26:24.945978+02:00",
      "changes": {
        "add": 0,
        "change": 0,
        "import": 0,
        "remove": 0,
        "operation": "plan"
      },
      "type": "change_summary"
    }
    {
      "@level": "info",
      "@message": "Apply complete! Resources: 0 added, 0 changed, 0 destroyed.",
      "@module": "terraform.ui",
      "@timestamp": "2025-04-07T18:26:24.963122+02:00",
      "changes": {
        "add": 0,
        "change": 0,
        "import": 0,
        "remove": 0,
        "operation": "apply"
      },
      "type": "change_summary"
    }
    {
      "@level": "info",
      "@message": "Outputs: 0",
      "@module": "terraform.ui",
      "@timestamp": "2025-04-07T18:26:24.963146+02:00",
      "outputs": {},
      "type": "outputs"
    }
}
>>>>>>>>>>> $ terraform apply -refresh-only -auto-approve -input=false -lock=false
>>>>>>>>>>> artifactory_item_properties.my-repo-properties: Refreshing state...
>>>>>>>>>>>
>>>>>>>>>>> Note: Objects have changed outside of Terraform
>>>>>>>>>>>
>>>>>>>>>>> Terraform detected the following changes made outside of Terraform since the last "terraform apply" which may have affected this plan:
>>>>>>>>>>>
>>>>>>>>>>>   # artifactory_item_properties.my-repo-properties has changed
>>>>>>>>>>>   ~ resource "artifactory_item_properties" "my-repo-properties" {
>>>>>>>>>>>       ~ properties   = {
>>>>>>>>>>>           ~ "key2" = [
>>>>>>>>>>>               - "value2",
>>>>>>>>>>>               - "value3",
>>>>>>>>>>>               + "value2,value3",
>>>>>>>>>>>             ]
>>>>>>>>>>>             # (1 unchanged element hidden)
>>>>>>>>>>>         }
>>>>>>>>>>>         # (2 unchanged attributes hidden)
>>>>>>>>>>>     }
>>>>>>>>>>>
>>>>>>>>>>>
>>>>>>>>>>> This is a refresh-only plan, so Terraform will not take any actions to undo these. If you were expecting these changes then you can apply this plan to record the updated values in the Terraform state without changing any remote objects.
>>>>>>>>>>>
>>>>>>>>>>> Apply complete! Resources: 0 added, 0 changed, 0 destroyed.

>>>>>>>>>>> Teraform plan

2025-04-07T18:26:24+02:00	DEBUG	provider-jfrog-artifactory	Running terraform	{"workspace": "/var/folders/sj/hzvqvb413qgd6mx110wmbr6m0000gn/T/8b83d38c-7805-466b-832b-3dbcb774ebac", "args": ["plan", "-refresh=false", "-input=false", "-lock=false", "-json"]}
{
  "workspace": "/var/folders/sj/hzvqvb413qgd6mx110wmbr6m0000gn/T/8b83d38c-7805-466b-832b-3dbcb774ebac",
  "args": [
    "plan",
    "-refresh=false",
    "-input=false",
    "-lock=false",
    "-json"
  ]
}
2025-04-07T18:26:26+02:00	DEBUG	provider-jfrog-artifactory	plan ended	{"workspace": "/var/folders/sj/hzvqvb413qgd6mx110wmbr6m0000gn/T/8b83d38c-7805-466b-832b-3dbcb774ebac", "out": "{\"@level\":\"info\",\"@message\":\"Terraform 1.5.7\",\"@module\":\"terraform.ui\",\"@timestamp\":\"2025-04-07T18:26:24.994603+02:00\",\"terraform\":\"1.5.7\",\"type\":\"version\",\"ui\":\"1.1\"}\n{\"@level\":\"info\",\"@message\":\"artifactory_item_properties.my-repo-properties: Plan to update\",\"@module\":\"terraform.ui\",\"@timestamp\":\"2025-04-07T18:26:26.249657+02:00\",\"change\":{\"resource\":{\"addr\":\"artifactory_item_properties.my-repo-properties\",\"module\":\"\",\"resource\":\"artifactory_item_properties.my-repo-properties\",\"implied_provider\":\"artifactory\",\"resource_type\":\"artifactory_item_properties\",\"resource_name\":\"my-repo-properties\",\"resource_key\":null},\"action\":\"update\"},\"type\":\"planned_change\"}\n{\"@level\":\"info\",\"@message\":\"Plan: 0 to add, 1 to change, 0 to destroy.\",\"@module\":\"terraform.ui\",\"@timestamp\":\"2025-04-07T18:26:26.249773+02:00\",\"changes\":{\"add\":0,\"change\":1,\"import\":0,\"remove\":0,\"operation\":\"plan\"},\"type\":\"change_summary\"}\n"}
{
  "workspace": "/var/folders/sj/hzvqvb413qgd6mx110wmbr6m0000gn/T/8b83d38c-7805-466b-832b-3dbcb774ebac",
  "out":
    {
      "@level": "info",
      "@message": "Terraform 1.5.7",
      "@module": "terraform.ui",
      "@timestamp": "2025-04-07T18:26:24.994603+02:00",
      "terraform": "1.5.7",
      "type": "version",
      "ui": "1.1"
    }
    {
      "@level": "info",
      "@message": "artifactory_item_properties.my-repo-properties: Plan to update",
      "@module": "terraform.ui",
      "@timestamp": "2025-04-07T18:26:26.249657+02:00",
      "change": {
        "resource": {
          "addr": "artifactory_item_properties.my-repo-properties",
          "module": "",
          "resource": "artifactory_item_properties.my-repo-properties",
          "implied_provider": "artifactory",
          "resource_type": "artifactory_item_properties",
          "resource_name": "my-repo-properties",
          "resource_key": null
        },
        "action": "update"
      },
      "type": "planned_change"
    }
    {
      "@level": "info",
      "@message": "Plan: 0 to add, 1 to change, 0 to destroy.",
      "@module": "terraform.ui",
      "@timestamp": "2025-04-07T18:26:26.249773+02:00",
      "changes": {
        "add": 0,
        "change": 1,
        "import": 0,
        "remove": 0,
        "operation": "plan"
      },
      "type": "change_summary"
    }
}
>>>>>>>>>> $ terraform plan -refresh=false -input=false -lock=false
>>>>>>>>>>
>>>>>>>>>> Terraform used the selected providers to generate the following execution plan. Resource actions are indicated with the following symbols:
>>>>>>>>>>   ~ update in-place
>>>>>>>>>>
>>>>>>>>>> Terraform will perform the following actions:
>>>>>>>>>>
>>>>>>>>>>   # artifactory_item_properties.my-repo-properties will be updated in-place
>>>>>>>>>>   ~ resource "artifactory_item_properties" "my-repo-properties" {
>>>>>>>>>>       + is_recursive = false
>>>>>>>>>>       ~ properties   = {
>>>>>>>>>>           ~ "key2" = [
>>>>>>>>>>               - "value2,value3",
>>>>>>>>>>               + "value2",
>>>>>>>>>>               + "value3",
>>>>>>>>>>             ]
>>>>>>>>>>             # (1 unchanged element hidden)
>>>>>>>>>>         }
>>>>>>>>>>         # (1 unchanged attribute hidden)
>>>>>>>>>>     }
>>>>>>>>>>
>>>>>>>>>> Plan: 0 to add, 1 to change, 0 to destroy.

2025-04-07T18:26:26+02:00	DEBUG	provider-jfrog-artifactory	Called plan on the resource.	{"uid": "8b83d38c-7805-466b-832b-3dbcb774ebac", "name": "my-repo-properties", "gvk": "artifactory.jfrog.crossplane.io/v1alpha1, Kind=ItemProperties", "upToDate": false}
{
  "uid": "8b83d38c-7805-466b-832b-3dbcb774ebac",
  "name": "my-repo-properties",
  "gvk": "artifactory.jfrog.crossplane.io/v1alpha1, Kind=ItemProperties",
  "upToDate": false
}
2025-04-07T18:26:26+02:00	DEBUG	provider-jfrog-artifactory	Successfully requested update of external resource	{"controller": "managed/artifactory.jfrog.crossplane.io/v1alpha1, kind=itemproperties", "request": {"name":"my-repo-properties"}, "uid": "8b83d38c-7805-466b-832b-3dbcb774ebac", "version": "13845", "external-name": "generic-crossplane-local", "requeue-after": "2025-04-07T18:36:26+02:00"}
{
  "controller": "managed/artifactory.jfrog.crossplane.io/v1alpha1, kind=itemproperties",
  "request": {
    "name": "my-repo-properties"
  },
  "uid": "8b83d38c-7805-466b-832b-3dbcb774ebac",
  "version": "13845",
  "external-name": "generic-crossplane-local",
  "requeue-after": "2025-04-07T18:36:26+02:00"
}

>>>>>>>>>> Terraform apply

2025-04-07T18:26:26+02:00	DEBUG	provider-jfrog-artifactory	Running terraform	{"workspace": "/var/folders/sj/hzvqvb413qgd6mx110wmbr6m0000gn/T/8b83d38c-7805-466b-832b-3dbcb774ebac", "args": ["apply", "-auto-approve", "-input=false", "-lock=false", "-json"]}
{
  "workspace": "/var/folders/sj/hzvqvb413qgd6mx110wmbr6m0000gn/T/8b83d38c-7805-466b-832b-3dbcb774ebac",
  "args": [
    "apply",
    "-auto-approve",
    "-input=false",
    "-lock=false",
    "-json"
  ]
}
2025-04-07T18:26:26+02:00	DEBUG	events	Successfully requested update of external resource	{"type": "Normal", "object": {"kind":"ItemProperties","name":"my-repo-properties","uid":"8b83d38c-7805-466b-832b-3dbcb774ebac","apiVersion":"artifactory.jfrog.crossplane.io/v1alpha1","resourceVersion":"13845"}, "reason": "UpdatedExternalResource"}
{
  "type": "Normal",
  "object": {
    "kind": "ItemProperties",
    "name": "my-repo-properties",
    "uid": "8b83d38c-7805-466b-832b-3dbcb774ebac",
    "apiVersion": "artifactory.jfrog.crossplane.io/v1alpha1",
    "resourceVersion": "13845"
  },
  "reason": "UpdatedExternalResource"
}
2025-04-07T18:26:28+02:00	DEBUG	provider-jfrog-artifactory	apply async ended	{"workspace": "/var/folders/sj/hzvqvb413qgd6mx110wmbr6m0000gn/T/8b83d38c-7805-466b-832b-3dbcb774ebac", "out": "{\"@level\":\"info\",\"@message\":\"Terraform 1.5.7\",\"@module\":\"terraform.ui\",\"@timestamp\":\"2025-04-07T18:26:26.282935+02:00\",\"terraform\":\"1.5.7\",\"type\":\"version\",\"ui\":\"1.1\"}\n{\"@level\":\"info\",\"@message\":\"artifactory_item_properties.my-repo-properties: Refreshing state...\",\"@module\":\"terraform.ui\",\"@timestamp\":\"2025-04-07T18:26:27.526269+02:00\",\"hook\":{\"resource\":{\"addr\":\"artifactory_item_properties.my-repo-properties\",\"module\":\"\",\"resource\":\"artifactory_item_properties.my-repo-properties\",\"implied_provider\":\"artifactory\",\"resource_type\":\"artifactory_item_properties\",\"resource_name\":\"my-repo-properties\",\"resource_key\":null}},\"type\":\"refresh_start\"}\n{\"@level\":\"info\",\"@message\":\"artifactory_item_properties.my-repo-properties: Refresh complete\",\"@module\":\"terraform.ui\",\"@timestamp\":\"2025-04-07T18:26:27.658398+02:00\",\"hook\":{\"resource\":{\"addr\":\"artifactory_item_properties.my-repo-properties\",\"module\":\"\",\"resource\":\"artifactory_item_properties.my-repo-properties\",\"implied_provider\":\"artifactory\",\"resource_type\":\"artifactory_item_properties\",\"resource_name\":\"my-repo-properties\",\"resource_key\":null}},\"type\":\"refresh_complete\"}\n{\"@level\":\"info\",\"@message\":\"artifactory_item_properties.my-repo-properties: Plan to update\",\"@module\":\"terraform.ui\",\"@timestamp\":\"2025-04-07T18:26:27.668100+02:00\",\"change\":{\"resource\":{\"addr\":\"artifactory_item_properties.my-repo-properties\",\"module\":\"\",\"resource\":\"artifactory_item_properties.my-repo-properties\",\"implied_provider\":\"artifactory\",\"resource_type\":\"artifactory_item_properties\",\"resource_name\":\"my-repo-properties\",\"resource_key\":null},\"action\":\"update\"},\"type\":\"planned_change\"}\n{\"@level\":\"info\",\"@message\":\"Plan: 0 to add, 1 to change, 0 to destroy.\",\"@module\":\"terraform.ui\",\"@timestamp\":\"2025-04-07T18:26:27.668144+02:00\",\"changes\":{\"add\":0,\"change\":1,\"import\":0,\"remove\":0,\"operation\":\"plan\"},\"type\":\"change_summary\"}\n{\"@level\":\"info\",\"@message\":\"artifactory_item_properties.my-repo-properties: Modifying...\",\"@module\":\"terraform.ui\",\"@timestamp\":\"2025-04-07T18:26:28.734114+02:00\",\"hook\":{\"resource\":{\"addr\":\"artifactory_item_properties.my-repo-properties\",\"module\":\"\",\"resource\":\"artifactory_item_properties.my-repo-properties\",\"implied_provider\":\"artifactory\",\"resource_type\":\"artifactory_item_properties\",\"resource_name\":\"my-repo-properties\",\"resource_key\":null},\"action\":\"update\"},\"type\":\"apply_start\"}\n{\"@level\":\"info\",\"@message\":\"artifactory_item_properties.my-repo-properties: Modifications complete after 0s\",\"@module\":\"terraform.ui\",\"@timestamp\":\"2025-04-07T18:26:28.895468+02:00\",\"hook\":{\"resource\":{\"addr\":\"artifactory_item_properties.my-repo-properties\",\"module\":\"\",\"resource\":\"artifactory_item_properties.my-repo-properties\",\"implied_provider\":\"artifactory\",\"resource_type\":\"artifactory_item_properties\",\"resource_name\":\"my-repo-properties\",\"resource_key\":null},\"action\":\"update\",\"elapsed_seconds\":0},\"type\":\"apply_complete\"}\n{\"@level\":\"info\",\"@message\":\"Apply complete! Resources: 0 added, 1 changed, 0 destroyed.\",\"@module\":\"terraform.ui\",\"@timestamp\":\"2025-04-07T18:26:28.915568+02:00\",\"changes\":{\"add\":0,\"change\":1,\"import\":0,\"remove\":0,\"operation\":\"apply\"},\"type\":\"change_summary\"}\n{\"@level\":\"info\",\"@message\":\"Outputs: 0\",\"@module\":\"terraform.ui\",\"@timestamp\":\"2025-04-07T18:26:28.915609+02:00\",\"outputs\":{},\"type\":\"outputs\"}\n"}
{
  "workspace": "/var/folders/sj/hzvqvb413qgd6mx110wmbr6m0000gn/T/8b83d38c-7805-466b-832b-3dbcb774ebac",
  "out":
    {
      "@level": "info",
      "@message": "Terraform 1.5.7",
      "@module": "terraform.ui",
      "@timestamp": "2025-04-07T18:26:26.282935+02:00",
      "terraform": "1.5.7",
      "type": "version",
      "ui": "1.1"
    }
    {
      "@level": "info",
      "@message": "artifactory_item_properties.my-repo-properties: Refreshing state...",
      "@module": "terraform.ui",
      "@timestamp": "2025-04-07T18:26:27.526269+02:00",
      "hook": {
        "resource": {
          "addr": "artifactory_item_properties.my-repo-properties",
          "module": "",
          "resource": "artifactory_item_properties.my-repo-properties",
          "implied_provider": "artifactory",
          "resource_type": "artifactory_item_properties",
          "resource_name": "my-repo-properties",
          "resource_key": null
        }
      },
      "type": "refresh_start"
    }
    {
      "@level": "info",
      "@message": "artifactory_item_properties.my-repo-properties: Refresh complete",
      "@module": "terraform.ui",
      "@timestamp": "2025-04-07T18:26:27.658398+02:00",
      "hook": {
        "resource": {
          "addr": "artifactory_item_properties.my-repo-properties",
          "module": "",
          "resource": "artifactory_item_properties.my-repo-properties",
          "implied_provider": "artifactory",
          "resource_type": "artifactory_item_properties",
          "resource_name": "my-repo-properties",
          "resource_key": null
        }
      },
      "type": "refresh_complete"
    }
    {
      "@level": "info",
      "@message": "artifactory_item_properties.my-repo-properties: Plan to update",
      "@module": "terraform.ui",
      "@timestamp": "2025-04-07T18:26:27.668100+02:00",
      "change": {
        "resource": {
          "addr": "artifactory_item_properties.my-repo-properties",
          "module": "",
          "resource": "artifactory_item_properties.my-repo-properties",
          "implied_provider": "artifactory",
          "resource_type": "artifactory_item_properties",
          "resource_name": "my-repo-properties",
          "resource_key": null
        },
        "action": "update"
      },
      "type": "planned_change"
    }
    {
      "@level": "info",
      "@message": "Plan: 0 to add, 1 to change, 0 to destroy.",
      "@module": "terraform.ui",
      "@timestamp": "2025-04-07T18:26:27.668144+02:00",
      "changes": {
        "add": 0,
        "change": 1,
        "import": 0,
        "remove": 0,
        "operation": "plan"
      },
      "type": "change_summary"
    }
    {
      "@level": "info",
      "@message": "artifactory_item_properties.my-repo-properties: Modifying...",
      "@module": "terraform.ui",
      "@timestamp": "2025-04-07T18:26:28.734114+02:00",
      "hook": {
        "resource": {
          "addr": "artifactory_item_properties.my-repo-properties",
          "module": "",
          "resource": "artifactory_item_properties.my-repo-properties",
          "implied_provider": "artifactory",
          "resource_type": "artifactory_item_properties",
          "resource_name": "my-repo-properties",
          "resource_key": null
        },
        "action": "update"
      },
      "type": "apply_start"
    }
    {
      "@level": "info",
      "@message": "artifactory_item_properties.my-repo-properties: Modifications complete after 0s",
      "@module": "terraform.ui",
      "@timestamp": "2025-04-07T18:26:28.895468+02:00",
      "hook": {
        "resource": {
          "addr": "artifactory_item_properties.my-repo-properties",
          "module": "",
          "resource": "artifactory_item_properties.my-repo-properties",
          "implied_provider": "artifactory",
          "resource_type": "artifactory_item_properties",
          "resource_name": "my-repo-properties",
          "resource_key": null
        },
        "action": "update",
        "elapsed_seconds": 0
      },
      "type": "apply_complete"
    }
    {
      "@level": "info",
      "@message": "Apply complete! Resources: 0 added, 1 changed, 0 destroyed.",
      "@module": "terraform.ui",
      "@timestamp": "2025-04-07T18:26:28.915568+02:00",
      "changes": {
        "add": 0,
        "change": 1,
        "import": 0,
        "remove": 0,
        "operation": "apply"
      },
      "type": "change_summary"
    }
    {
      "@level": "info",
      "@message": "Outputs: 0",
      "@module": "terraform.ui",
      "@timestamp": "2025-04-07T18:26:28.915609+02:00",
      "outputs": {},
      "type": "outputs"
    }

}
>>>>>>>>>>> $ terraform apply -auto-approve -input=false -lock=false
>>>>>>>>>>> artifactory_item_properties.my-repo-properties: Refreshing state...
>>>>>>>>>>>
>>>>>>>>>>> Terraform used the selected providers to generate the following execution plan. Resource actions are indicated with the following symbols:
>>>>>>>>>>>   ~ update in-place
>>>>>>>>>>>
>>>>>>>>>>> Terraform will perform the following actions:
>>>>>>>>>>>
>>>>>>>>>>>   # artifactory_item_properties.my-repo-properties will be updated in-place
>>>>>>>>>>>   ~ resource "artifactory_item_properties" "my-repo-properties" {
>>>>>>>>>>>       + is_recursive = false
>>>>>>>>>>>       ~ properties   = {
>>>>>>>>>>>           ~ "key2" = [
>>>>>>>>>>>               - "value2,value3",
>>>>>>>>>>>               + "value2",
>>>>>>>>>>>               + "value3",
>>>>>>>>>>>             ]
>>>>>>>>>>>             # (1 unchanged element hidden)
>>>>>>>>>>>         }
>>>>>>>>>>>         # (1 unchanged attribute hidden)
>>>>>>>>>>>     }
>>>>>>>>>>>
>>>>>>>>>>> Plan: 0 to add, 1 to change, 0 to destroy.
>>>>>>>>>>> artifactory_item_properties.my-repo-properties: Modifying...
>>>>>>>>>>> artifactory_item_properties.my-repo-properties: Modifications complete after 0s

2025-04-07T18:26:28+02:00	DEBUG	provider-jfrog-artifactory	Reconcile request has been requeued.	{"gvk": "artifactory.jfrog.crossplane.io/v1alpha1, Kind=ItemProperties", "name": "my-repo-properties", "rateLimiterName": "", "when": "0s"}
{
  "gvk": "artifactory.jfrog.crossplane.io/v1alpha1, Kind=ItemProperties",
  "name": "my-repo-properties",
  "rateLimiterName": "",
  "when": "0s"
}

>>>>>>>>>>>> Reconcilation process ended and starts immediately again
